Finish save unique pubmed id into file /home/jack/Workspaces/expPPI/resultData/uniquePubmedId_201108.intm
---------------------------------------------------

23412
Deal with file[/home/jack/keTiInHIT_FROM2014_08/srcData/xmlZipSummary_3.txt].
-------End Deal with file[/home/jack/keTiInHIT_FROM2014_08/srcData/xmlZipSummary_3.txt].
--------------------------------------
Deal with file[/home/jack/keTiInHIT_FROM2014_08/srcData/xmlZipSummary_19.txt].
-------End Deal with file[/home/jack/keTiInHIT_FROM2014_08/srcData/xmlZipSummary_19.txt].
--------------------------------------
Deal with file[/home/jack/keTiInHIT_FROM2014_08/srcData/xmlZipSummary_25.txt].
-------End Deal with file[/home/jack/keTiInHIT_FROM2014_08/srcData/xmlZipSummary_25.txt].
--------------------------------------
Deal with file[/home/jack/keTiInHIT_FROM2014_08/srcData/xmlZipSummary_33.txt].
-------End Deal with file[/home/jack/keTiInHIT_FROM2014_08/srcData/xmlZipSummary_33.txt].
--------------------------------------
Deal with file[/home/jack/keTiInHIT_FROM2014_08/srcData/xmlZipSummary_23.txt].
-------End Deal with file[/home/jack/keTiInHIT_FROM2014_08/srcData/xmlZipSummary_23.txt].
--------------------------------------
Deal with file[/home/jack/keTiInHIT_FROM2014_08/srcData/xmlZipSummary_20.txt].
-------End Deal with file[/home/jack/keTiInHIT_FROM2014_08/srcData/xmlZipSummary_20.txt].
--------------------------------------
Deal with file[/home/jack/keTiInHIT_FROM2014_08/srcData/xmlZipSummary_28.txt].
-------End Deal with file[/home/jack/keTiInHIT_FROM2014_08/srcData/xmlZipSummary_28.txt].
--------------------------------------
Deal with file[/home/jack/keTiInHIT_FROM2014_08/srcData/xmlZipSummary_27.txt].
-------End Deal with file[/home/jack/keTiInHIT_FROM2014_08/srcData/xmlZipSummary_27.txt].
--------------------------------------
Deal with file[/home/jack/keTiInHIT_FROM2014_08/srcData/xmlZipSummary_11.txt].
-------End Deal with file[/home/jack/keTiInHIT_FROM2014_08/srcData/xmlZipSummary_11.txt].
--------------------------------------
Deal with file[/home/jack/keTiInHIT_FROM2014_08/srcData/xmlZipSummary_32.txt].
-------End Deal with file[/home/jack/keTiInHIT_FROM2014_08/srcData/xmlZipSummary_32.txt].
--------------------------------------
Deal with file[/home/jack/keTiInHIT_FROM2014_08/srcData/xmlZipSummary_15.txt].
-------End Deal with file[/home/jack/keTiInHIT_FROM2014_08/srcData/xmlZipSummary_15.txt].
--------------------------------------
Deal with file[/home/jack/keTiInHIT_FROM2014_08/srcData/xmlZipSummary_12.txt].
-------End Deal with file[/home/jack/keTiInHIT_FROM2014_08/srcData/xmlZipSummary_12.txt].
--------------------------------------
Deal with file[/home/jack/keTiInHIT_FROM2014_08/srcData/xmlZipSummary_8.txt].
-------End Deal with file[/home/jack/keTiInHIT_FROM2014_08/srcData/xmlZipSummary_8.txt].
--------------------------------------
Deal with file[/home/jack/keTiInHIT_FROM2014_08/srcData/xmlZipSummary_34.txt].
-------End Deal with file[/home/jack/keTiInHIT_FROM2014_08/srcData/xmlZipSummary_34.txt].
--------------------------------------
Deal with file[/home/jack/keTiInHIT_FROM2014_08/srcData/xmlZipSummary_30.txt].
-------End Deal with file[/home/jack/keTiInHIT_FROM2014_08/srcData/xmlZipSummary_30.txt].
--------------------------------------
Deal with file[/home/jack/keTiInHIT_FROM2014_08/srcData/xmlZipSummary_10.txt].
-------End Deal with file[/home/jack/keTiInHIT_FROM2014_08/srcData/xmlZipSummary_10.txt].
--------------------------------------
Deal with file[/home/jack/keTiInHIT_FROM2014_08/srcData/xmlZipSummary_26.txt].
-------End Deal with file[/home/jack/keTiInHIT_FROM2014_08/srcData/xmlZipSummary_26.txt].
--------------------------------------
Deal with file[/home/jack/keTiInHIT_FROM2014_08/srcData/xmlZipSummary_6.txt].
-------End Deal with file[/home/jack/keTiInHIT_FROM2014_08/srcData/xmlZipSummary_6.txt].
--------------------------------------
Deal with file[/home/jack/keTiInHIT_FROM2014_08/srcData/xmlZipSummary_9.txt].
-------End Deal with file[/home/jack/keTiInHIT_FROM2014_08/srcData/xmlZipSummary_9.txt].
--------------------------------------
Deal with file[/home/jack/keTiInHIT_FROM2014_08/srcData/xmlZipSummary_16.txt].
-------End Deal with file[/home/jack/keTiInHIT_FROM2014_08/srcData/xmlZipSummary_16.txt].
--------------------------------------
Deal with file[/home/jack/keTiInHIT_FROM2014_08/srcData/xmlZipSummary_14.txt].
-------End Deal with file[/home/jack/keTiInHIT_FROM2014_08/srcData/xmlZipSummary_14.txt].
--------------------------------------
Deal with file[/home/jack/keTiInHIT_FROM2014_08/srcData/xmlZipSummary_29.txt].
-------End Deal with file[/home/jack/keTiInHIT_FROM2014_08/srcData/xmlZipSummary_29.txt].
--------------------------------------
Deal with file[/home/jack/keTiInHIT_FROM2014_08/srcData/xmlZipSummary_24.txt].
-------End Deal with file[/home/jack/keTiInHIT_FROM2014_08/srcData/xmlZipSummary_24.txt].
--------------------------------------
Deal with file[/home/jack/keTiInHIT_FROM2014_08/srcData/xmlZipSummary_22.txt].
-------End Deal with file[/home/jack/keTiInHIT_FROM2014_08/srcData/xmlZipSummary_22.txt].
--------------------------------------
Deal with file[/home/jack/keTiInHIT_FROM2014_08/srcData/xmlZipSummary_5.txt].
-------End Deal with file[/home/jack/keTiInHIT_FROM2014_08/srcData/xmlZipSummary_5.txt].
--------------------------------------
Deal with file[/home/jack/keTiInHIT_FROM2014_08/srcData/xmlZipSummary_31.txt].
-------End Deal with file[/home/jack/keTiInHIT_FROM2014_08/srcData/xmlZipSummary_31.txt].
--------------------------------------
Deal with file[/home/jack/keTiInHIT_FROM2014_08/srcData/xmlZipSummary_13.txt].
-------End Deal with file[/home/jack/keTiInHIT_FROM2014_08/srcData/xmlZipSummary_13.txt].
--------------------------------------
Deal with file[/home/jack/keTiInHIT_FROM2014_08/srcData/xmlZipSummary_1.txt].
-------End Deal with file[/home/jack/keTiInHIT_FROM2014_08/srcData/xmlZipSummary_1.txt].
--------------------------------------
Deal with file[/home/jack/keTiInHIT_FROM2014_08/srcData/xmlZipSummary_7.txt].
-------End Deal with file[/home/jack/keTiInHIT_FROM2014_08/srcData/xmlZipSummary_7.txt].
--------------------------------------
Deal with file[/home/jack/keTiInHIT_FROM2014_08/srcData/xmlZipSummary_21.txt].
-------End Deal with file[/home/jack/keTiInHIT_FROM2014_08/srcData/xmlZipSummary_21.txt].
--------------------------------------
Deal with file[/home/jack/keTiInHIT_FROM2014_08/srcData/xmlZipSummary_17.txt].
-------End Deal with file[/home/jack/keTiInHIT_FROM2014_08/srcData/xmlZipSummary_17.txt].
--------------------------------------
Deal with file[/home/jack/keTiInHIT_FROM2014_08/srcData/xmlZipSummary_4.txt].
-------End Deal with file[/home/jack/keTiInHIT_FROM2014_08/srcData/xmlZipSummary_4.txt].
--------------------------------------
Deal with file[/home/jack/keTiInHIT_FROM2014_08/srcData/xmlZipSummary_18.txt].
-------End Deal with file[/home/jack/keTiInHIT_FROM2014_08/srcData/xmlZipSummary_18.txt].
--------------------------------------
Deal with file[/home/jack/keTiInHIT_FROM2014_08/srcData/xmlZipSummary_2.txt].
-------End Deal with file[/home/jack/keTiInHIT_FROM2014_08/srcData/xmlZipSummary_2.txt].
--------------------------------------
Finish save pubmedid-protein into file /home/jack/Workspaces/expPPI/resultData/pubmedId2Protein_201108.intm
---------------------------------------------------

Finish save protein-gene into file /home/jack/Workspaces/expPPI/resultData/protein2Gene_201108.intm
---------------------------------------------------

Finish save proteinid-gene into file /home/jack/Workspaces/expPPI/resultData/pubmedId2Gene_201108.intm
---------------------------------------------------

Finish save proteinid which has not corresponding Gene. [/home/jack/Workspaces/expPPI/resultData/proteinHasnotCorrespondingGene.intm]
---------------------------------------------------

